2023-11-06 02:46:48 -  - exec CUpdateClientPartner::SearchModulesEx
2023-11-06 02:46:48 -  - exec CUpdateClientPartner::__CollectRequestData
2023-11-06 02:46:48 -  - utf=Y&lang=ru&stable=Y&CANGZIP=Y&SUPD_DBS=MYSQL&XE=N&CLIENT_SITE=rozet.pro&LICENSE_KEY=X&SUPD_STS=1&SUPD_URS=1&TYPENC=D&CLIENT_PHPVER=8.2.8&NGINX=Y&dbv=5.7.27&instm=main%2C23.300.100%2CY%3Bbitrix.eshop%2C22.100.0%2CN%3Bseo%2C23.200.0%2CN%3Bhighloadblock%2C22.200.0%2CN%3Bfileman%2C22.300.0%2CN%3Bbitrixcloud%2C22.100.0%2CN%3Bscale%2C21.0.0%2CN%3Bsearch%2C22.100.0%2CN%3Bpull%2C23.100.0%2CN%3Btranslate%2C23.200.0%2CN%3Bmobileapp%2C23.0.0%2CN%3Bsubscribe%2C21.0.0%2CN%3Blocation%2C23.0.0%2CN%3Bperfmon%2C21.0.0%2CN%3Bsecurity%2C21.300.0%2CN%3Bb24connector%2C22.0.0%2CN%3Bvote%2C23.0.0%2CN%3Bblog%2C22.0.0%2CN%3Babtest%2C21.0.0%2CN%3Bform%2C22.0.0%2CN%3Bui%2C22.1600.0%2CN%3Blanding%2C23.600.150%2CN%3Bmessageservice%2C23.0.0%2CN%3Bbitrix.sitecorporate%2C15.5.0%2CN%3Bconversion%2C22.0.0%2CN%3Bforum%2C23.0.0%2CN%3Bcurrency%2C22.500.0%2CN%3Bcatalog%2C23.100.0%2CN%3Bclouds%2C23.0.0%2CN%3Bstoreassist%2C21.0.0%2CN%3Bsale%2C23.200.0%2CN%3Biblock%2C23.100.0%2CN%3Bphotogallery%2C22.0.200%2CN%3Brest%2C23.100.0%2CN%3Bsender%2C23.0.0%2CN%3Bsocialservices%2C22.200.400%2CN%3Breport%2C23.0.0%2CN&search_module_id=&search_module=&search_category=7%2C14&search_type=&search_order=DESC&search_order_by=SORT&search_page=1&SUPD_SRS=RU&SUPD_CMP=N
2023-11-06 02:46:48 -  - exec CUpdateClientPartner::GetHTTPPage
2023-11-06 02:46:48 -  - TIME SearchModulesEx(request) 0.537 sec
2023-11-06 02:46:48 -  - exec CUpdateClientPartner::ParseServerData
2023-11-06 02:47:15 -  - exec CUpdateClientPartner::LoadModulesUpdates
2023-11-06 02:47:15 -  - exec CUpdateClientPartner::__CollectRequestData
2023-11-06 02:47:15 -  - utf=Y&lang=ru&stable=Y&CANGZIP=Y&SUPD_DBS=MYSQL&XE=N&CLIENT_SITE=rozet.pro&LICENSE_KEY=X&SUPD_STS=1&SUPD_URS=1&TYPENC=D&CLIENT_PHPVER=8.2.8&NGINX=Y&dbv=5.7.27&instm=main%2C23.300.100%2CY%3Bbitrix.eshop%2C22.100.0%2CN%3Bseo%2C23.200.0%2CN%3Bhighloadblock%2C22.200.0%2CN%3Bfileman%2C22.300.0%2CN%3Bbitrixcloud%2C22.100.0%2CN%3Bscale%2C21.0.0%2CN%3Bsearch%2C22.100.0%2CN%3Bpull%2C23.100.0%2CN%3Btranslate%2C23.200.0%2CN%3Bmobileapp%2C23.0.0%2CN%3Bsubscribe%2C21.0.0%2CN%3Blocation%2C23.0.0%2CN%3Bperfmon%2C21.0.0%2CN%3Bsecurity%2C21.300.0%2CN%3Bb24connector%2C22.0.0%2CN%3Bvote%2C23.0.0%2CN%3Bblog%2C22.0.0%2CN%3Babtest%2C21.0.0%2CN%3Bform%2C22.0.0%2CN%3Bui%2C22.1600.0%2CN%3Blanding%2C23.600.150%2CN%3Bmessageservice%2C23.0.0%2CN%3Bbitrix.sitecorporate%2C15.5.0%2CN%3Bconversion%2C22.0.0%2CN%3Bforum%2C23.0.0%2CN%3Bcurrency%2C22.500.0%2CN%3Bcatalog%2C23.100.0%2CN%3Bclouds%2C23.0.0%2CN%3Bstoreassist%2C21.0.0%2CN%3Bsale%2C23.200.0%2CN%3Biblock%2C23.100.0%2CN%3Bphotogallery%2C22.0.200%2CN%3Brest%2C23.100.0%2CN%3Bsender%2C23.0.0%2CN%3Bsocialservices%2C22.200.400%2CN%3Breport%2C23.0.0%2CN&reqm=nsandrey.emptyinstall&lim=Y&SUPD_SRS=RU&SUPD_CMP=N
2023-11-06 02:47:15 -  - exec CUpdateClientPartner::GetHTTPPage
2023-11-06 02:47:15 -  - TIME LoadModulesUpdates(request) 0.204 sec
2023-11-06 02:47:15 -  - exec CUpdateClientPartner::ParseServerData
2023-11-06 02:47:15 - S - STEP
2023-11-06 02:47:15 - LM4W01 - loadModule4Wizard-Step
2023-11-06 02:47:15 -  - exec CUpdateClientPartner::LoadModulesUpdates
2023-11-06 02:47:15 -  - exec CUpdateClientPartner::ParseServerData
2023-11-06 02:47:15 -  - loadFile
2023-11-06 02:47:15 - U - RETURN
2023-11-06 02:47:15 -  - exec CUpdateClientPartner::UnGzipArchive
2023-11-06 02:47:15 -  - TIME UnGzipArchive 0.002 sec
2023-11-06 02:47:15 -  - TIME UpdateStepModules 0.004 sec
2023-11-06 02:47:15 -  - exec CUpdateClientPartner::LoadModulesUpdates
2023-11-06 02:47:15 -  - exec CUpdateClientPartner::__CollectRequestData
2023-11-06 02:47:15 -  - utf=Y&lang=ru&stable=Y&CANGZIP=Y&SUPD_DBS=MYSQL&XE=N&CLIENT_SITE=rozet.pro&LICENSE_KEY=X&SUPD_STS=1&SUPD_URS=1&TYPENC=D&CLIENT_PHPVER=8.2.8&NGINX=Y&dbv=5.7.27&instm=main%2C23.300.100%2CY%3Bnsandrey.emptyinstall%2C1.0.5%2CN%3Bbitrix.eshop%2C22.100.0%2CN%3Bseo%2C23.200.0%2CN%3Bhighloadblock%2C22.200.0%2CN%3Bfileman%2C22.300.0%2CN%3Bbitrixcloud%2C22.100.0%2CN%3Bscale%2C21.0.0%2CN%3Bsearch%2C22.100.0%2CN%3Bpull%2C23.100.0%2CN%3Btranslate%2C23.200.0%2CN%3Bmobileapp%2C23.0.0%2CN%3Bsubscribe%2C21.0.0%2CN%3Blocation%2C23.0.0%2CN%3Bperfmon%2C21.0.0%2CN%3Bsecurity%2C21.300.0%2CN%3Bb24connector%2C22.0.0%2CN%3Bvote%2C23.0.0%2CN%3Bblog%2C22.0.0%2CN%3Babtest%2C21.0.0%2CN%3Bform%2C22.0.0%2CN%3Bui%2C22.1600.0%2CN%3Blanding%2C23.600.150%2CN%3Bmessageservice%2C23.0.0%2CN%3Bbitrix.sitecorporate%2C15.5.0%2CN%3Bconversion%2C22.0.0%2CN%3Bforum%2C23.0.0%2CN%3Bcurrency%2C22.500.0%2CN%3Bcatalog%2C23.100.0%2CN%3Bclouds%2C23.0.0%2CN%3Bstoreassist%2C21.0.0%2CN%3Bsale%2C23.200.0%2CN%3Biblock%2C23.100.0%2CN%3Bphotogallery%2C22.0.200%2CN%3Brest%2C23.100.0%2CN%3Bsender%2C23.0.0%2CN%3Bsocialservices%2C22.200.400%2CN%3Breport%2C23.0.0%2CN&reqm=nsandrey.emptyinstall&lim=Y&SUPD_SRS=RU&SUPD_CMP=N
2023-11-06 02:47:15 -  - exec CUpdateClientPartner::GetHTTPPage
2023-11-06 02:47:15 -  - TIME LoadModulesUpdates(request) 0.124 sec
2023-11-06 02:47:15 -  - exec CUpdateClientPartner::ParseServerData
2023-11-06 02:47:15 - STEP - Finish - NOUPDATES
2023-11-06 02:47:15 - LM4W03 - Finish - NOUPDATES
2023-11-06 02:50:16 -  - exec CUpdateClientPartner::__CollectRequestData
2023-11-06 02:50:16 -  - exec CUpdateClientPartner::GetHTTPPage
2023-11-06 02:50:16 -  - exec CUpdateClientPartner::ParseServerData
2023-11-06 02:50:16 -  - exec CUpdateClientPartner::GetUpdatesList
2023-11-06 02:50:16 -  - exec CUpdateClientPartner::__CollectRequestData
2023-11-06 02:50:16 -  - utf=Y&lang=ru&stable=Y&CANGZIP=Y&SUPD_DBS=MYSQL&XE=N&CLIENT_SITE=rozet.pro&LICENSE_KEY=X&SUPD_STS=1&SUPD_URS=1&TYPENC=D&CLIENT_PHPVER=8.2.8&NGINX=Y&dbv=5.7.27&instm=main%2C23.300.100%2CY%3Bnsandrey.emptyinstall%2C1.0.5%2CN%3Bbitrix.eshop%2C22.100.0%2CN%3Bseo%2C23.200.0%2CN%3Bhighloadblock%2C22.200.0%2CN%3Bfileman%2C22.300.0%2CN%3Bbitrixcloud%2C22.100.0%2CN%3Bscale%2C21.0.0%2CN%3Bsearch%2C22.100.0%2CN%3Bpull%2C23.100.0%2CN%3Btranslate%2C23.200.0%2CN%3Bmobileapp%2C23.0.0%2CN%3Bsubscribe%2C21.0.0%2CN%3Blocation%2C23.0.0%2CN%3Bperfmon%2C21.0.0%2CN%3Bsecurity%2C21.300.0%2CN%3Bb24connector%2C22.0.0%2CN%3Bvote%2C23.0.0%2CN%3Bblog%2C22.0.0%2CN%3Babtest%2C21.0.0%2CN%3Bform%2C22.0.0%2CN%3Bui%2C22.1600.0%2CN%3Blanding%2C23.600.150%2CN%3Bmessageservice%2C23.0.0%2CN%3Bbitrix.sitecorporate%2C15.5.0%2CN%3Bconversion%2C22.0.0%2CN%3Bforum%2C23.0.0%2CN%3Bcurrency%2C22.500.0%2CN%3Bcatalog%2C23.100.0%2CN%3Bclouds%2C23.0.0%2CN%3Bstoreassist%2C21.0.0%2CN%3Bsale%2C23.200.0%2CN%3Biblock%2C23.100.0%2CN%3Bphotogallery%2C22.0.200%2CN%3Brest%2C23.100.0%2CN%3Bsender%2C23.0.0%2CN%3Bsocialservices%2C22.200.400%2CN%3Breport%2C23.0.0%2CN&reqm=nsandrey.emptyinstall%2Cbitrix.eshop%2Cbitrix.sitecorporate&fullmoduleinfo=Y&SUPD_SRS=RU&SUPD_CMP=N
2023-11-06 02:50:16 -  - exec CUpdateClientPartner::GetHTTPPage
2023-11-06 02:50:16 -  - TIME GetUpdatesList(request) 0.122 sec
2023-11-06 02:50:16 -  - exec CUpdateClientPartner::ParseServerData
2023-11-06 02:50:16 -  - exec CUpdateClientPartner::__CollectRequestData
2023-11-06 02:50:16 -  - exec CUpdateClientPartner::GetHTTPPage
2023-11-06 02:50:16 -  - exec CUpdateClientPartner::ParseServerData
2023-11-06 02:54:32 -  - exec CUpdateClientPartner::GetUpdatesList
2023-11-06 02:54:32 -  - exec CUpdateClientPartner::__CollectRequestData
2023-11-06 02:54:32 -  - utf=Y&lang=ru&stable=Y&CANGZIP=Y&SUPD_DBS=MYSQL&XE=N&CLIENT_SITE=rozet.pro&LICENSE_KEY=X&SUPD_STS=1&SUPD_URS=0&TYPENC=D&CLIENT_PHPVER=8.2.8&NGINX=Y&dbv=5.7.27&instm=main%2C23.675.0%2CY%3Bnsandrey.emptyinstall%2C1.0.5%2CN%3Bbitrix.eshop%2C22.100.0%2CN%3Bseo%2C23.300.300%2CN%3Bhighloadblock%2C23.0.0%2CN%3Bfileman%2C23.100.100%2CN%3Bbitrixcloud%2C22.100.0%2CN%3Bscale%2C21.0.0%2CN%3Bsearch%2C22.100.0%2CN%3Bpull%2C23.200.0%2CN%3Btranslate%2C23.300.0%2CN%3Bmobileapp%2C23.100.100%2CN%3Bsubscribe%2C21.0.0%2CN%3Blocation%2C23.100.0%2CN%3Bperfmon%2C23.0.0%2CN%3Bsecurity%2C23.0.0%2CN%3Bb24connector%2C22.0.0%2CN%3Bvote%2C23.200.0%2CN%3Bblog%2C22.0.0%2CN%3Babtest%2C23.0.0%2CN%3Bform%2C22.0.0%2CN%3Bui%2C23.350.0%2CN%3Blanding%2C23.900.300%2CN%3Bmessageservice%2C23.100.0%2CN%3Bbitrix.sitecorporate%2C15.5.0%2CN%3Bconversion%2C22.0.0%2CN%3Bforum%2C23.250.0%2CN%3Bcurrency%2C23.0.0%2CN%3Bcatalog%2C23.400.0%2CN%3Bclouds%2C23.100.0%2CN%3Bstoreassist%2C21.0.0%2CN%3Bsale%2C23.400.0%2CN%3Biblock%2C23.200.0%2CN%3Bphotogallery%2C23.0.0%2CN%3Brest%2C23.200.150%2CN%3Bsender%2C23.300.100%2CN%3Bsocialservices%2C22.200.400%2CN%3Breport%2C23.0.100%2CN&reqm=nsandrey.emptyinstall%2Cbitrix.eshop%2Cbitrix.sitecorporate&SUPD_SRS=RU&SUPD_CMP=N
2023-11-06 02:54:32 -  - exec CUpdateClientPartner::GetHTTPPage
2023-11-06 02:54:32 -  - TIME GetUpdatesList(request) 0.179 sec
2023-11-06 02:54:32 -  - exec CUpdateClientPartner::ParseServerData
2023-11-06 02:54:35 -  - exec CUpdateClientPartner::GetUpdatesList
2023-11-06 02:54:35 -  - exec CUpdateClientPartner::__CollectRequestData
2023-11-06 02:54:35 -  - utf=Y&lang=ru&stable=Y&CANGZIP=Y&SUPD_DBS=MYSQL&XE=N&CLIENT_SITE=rozet.pro&LICENSE_KEY=X&SUPD_STS=1&SUPD_URS=0&TYPENC=D&CLIENT_PHPVER=8.2.8&NGINX=Y&dbv=5.7.27&instm=main%2C23.675.0%2CY%3Bnsandrey.emptyinstall%2C1.0.5%2CN%3Bbitrix.eshop%2C22.100.0%2CN%3Bseo%2C23.300.300%2CN%3Bhighloadblock%2C23.0.0%2CN%3Bfileman%2C23.100.100%2CN%3Bbitrixcloud%2C22.100.0%2CN%3Bscale%2C21.0.0%2CN%3Bsearch%2C22.100.0%2CN%3Bpull%2C23.200.0%2CN%3Btranslate%2C23.300.0%2CN%3Bmobileapp%2C23.100.100%2CN%3Bsubscribe%2C21.0.0%2CN%3Blocation%2C23.100.0%2CN%3Bperfmon%2C23.0.0%2CN%3Bsecurity%2C23.0.0%2CN%3Bb24connector%2C22.0.0%2CN%3Bvote%2C23.200.0%2CN%3Bblog%2C22.0.0%2CN%3Babtest%2C23.0.0%2CN%3Bform%2C22.0.0%2CN%3Bui%2C23.350.0%2CN%3Blanding%2C23.900.300%2CN%3Bmessageservice%2C23.100.0%2CN%3Bbitrix.sitecorporate%2C15.5.0%2CN%3Bconversion%2C22.0.0%2CN%3Bforum%2C23.250.0%2CN%3Bcurrency%2C23.0.0%2CN%3Bcatalog%2C23.400.0%2CN%3Bclouds%2C23.100.0%2CN%3Bstoreassist%2C21.0.0%2CN%3Bsale%2C23.400.0%2CN%3Biblock%2C23.200.0%2CN%3Bphotogallery%2C23.0.0%2CN%3Brest%2C23.200.150%2CN%3Bsender%2C23.300.100%2CN%3Bsocialservices%2C22.200.400%2CN%3Breport%2C23.0.100%2CN&reqm=nsandrey.emptyinstall%2Cbitrix.eshop%2Cbitrix.sitecorporate&SUPD_SRS=RU&SUPD_CMP=N
2023-11-06 02:54:35 -  - exec CUpdateClientPartner::GetHTTPPage
2023-11-06 02:54:35 -  - TIME GetUpdatesList(request) 0.121 sec
2023-11-06 02:54:35 -  - exec CUpdateClientPartner::ParseServerData
